<?xml version="1.0" encoding="UTF-8"?>
<!-- Generated by org.testng.reporters.JUnitReportReporter -->
<testsuite hostname="BM5PWGSQ2" failures="0" tests="1" name="com.genpact.cca.automation.testrunners.Login" time="14.457" errors="0" timestamp="10 Jun 2019 11:16:56 GMT" skipped="0">
  <testcase classname="com.genpact.cca.automation.testrunners.Login" name="feature" time="14.457"/>
</testsuite> <!-- com.genpact.cca.automation.testrunners.Login -->
