<?xml version="1.0" encoding="UTF-8"?>
<!-- Generated by org.testng.reporters.JUnitReportReporter -->
<testsuite hostname="BM5PWGSQ2" failures="0" tests="1" name="com.genpact.cca.automation.testrunners.Angulartr" time="17.381" errors="0" timestamp="08 Jun 2019 11:05:18 GMT" skipped="0">
  <testcase classname="com.genpact.cca.automation.testrunners.Angulartr" name="feature" time="17.381"/>
</testsuite> <!-- com.genpact.cca.automation.testrunners.Angulartr -->
