<?xml version="1.0" encoding="UTF-8"?>
<!-- Generated by org.testng.reporters.JUnitReportReporter -->
<testsuite hostname="BM5PWGSQ2" failures="0" tests="1" name="com.genpact.cca.automation.testrunners.Runner1" time="0.000" errors="0" timestamp="08 Jun 2019 14:40:44 GMT" skipped="1">
  <testcase classname="com.genpact.cca.automation.testrunners.Runner1" name="feature" time="0.000">
    <skipped/>
  </testcase> <!-- feature -->
</testsuite> <!-- com.genpact.cca.automation.testrunners.Runner1 -->
