<?xml version="1.0" encoding="UTF-8"?>
<!-- Generated by org.testng.reporters.JUnitReportReporter -->
<testsuite hostname="BM5PWGSQ2" failures="0" tests="1" name="com.genpact.cca.automation.testrunners.Runner" time="0.038" errors="0" timestamp="09 Jun 2019 06:34:53 GMT" skipped="0">
  <testcase classname="com.genpact.cca.automation.testrunners.Runner" name="feature" time="0.038"/>
</testsuite> <!-- com.genpact.cca.automation.testrunners.Runner -->
