<?xml version="1.0" encoding="UTF-8"?>
<!-- Generated by org.testng.reporters.JUnitReportReporter -->
<testsuite skipped="0" hostname="BM7DNF8S2" name="com.genpact.cora.cca.automation.testrunners.Login" tests="1" failures="0" timestamp="03 Jun 2019 12:07:52 GMT" time="18.094" errors="0">
  <testcase name="feature" time="18.094" classname="com.genpact.cora.cca.automation.testrunners.Login"/>
</testsuite> <!-- com.genpact.cora.cca.automation.testrunners.Login -->
